<?xml version="1.0" encoding="UTF-8"?>
<testsuite xmlns:xsi="http://www.w3.org/2001/XMLSchema-instance" xsi:noNamespaceSchemaLocation="https://maven.apache.org/surefire/maven-surefire-plugin/xsd/surefire-test-report-3.0.xsd" version="3.0" name="calculatorTest" time="0.093" tests="4" errors="0" skipped="2" failures="0">
  <properties>
    <property name="sun.desktop" value="windows"/>
    <property name="awt.toolkit" value="sun.awt.windows.WToolkit"/>
    <property name="file.encoding.pkg" value="sun.io"/>
    <property name="java.specification.version" value="1.8"/>
    <property name="sun.cpu.isalist" value="amd64"/>
    <property name="sun.jnu.encoding" value="GBK"/>
    <property name="java.class.path" value="D:\JavaStudy\TestClass1\target\test-classes;D:\JavaStudy\TestClass1\target\classes;C:\Users\Administrator\.m2\repository\org\powermock\powermock-module-junit4\2.0.2\powermock-module-junit4-2.0.2.jar;C:\Users\Administrator\.m2\repository\org\powermock\powermock-module-junit4-common\2.0.2\powermock-module-junit4-common-2.0.2.jar;C:\Users\Administrator\.m2\repository\org\powermock\powermock-reflect\2.0.2\powermock-reflect-2.0.2.jar;C:\Users\Administrator\.m2\repository\net\bytebuddy\byte-buddy\1.9.3\byte-buddy-1.9.3.jar;C:\Users\Administrator\.m2\repository\net\bytebuddy\byte-buddy-agent\1.9.3\byte-buddy-agent-1.9.3.jar;C:\Users\Administrator\.m2\repository\org\powermock\powermock-core\2.0.2\powermock-core-2.0.2.jar;C:\Users\Administrator\.m2\repository\org\javassist\javassist\3.24.0-GA\javassist-3.24.0-GA.jar;C:\Users\Administrator\.m2\repository\org\hamcrest\hamcrest-core\1.3\hamcrest-core-1.3.jar;C:\Users\Administrator\.m2\repository\junit\junit\4.12\junit-4.12.jar;C:\Users\Administrator\.m2\repository\org\apache\maven\plugins\maven-surefire-plugin\3.0.0-M3\maven-surefire-plugin-3.0.0-M3.jar;C:\Users\Administrator\.m2\repository\org\apache\maven\surefire\maven-surefire-common\3.0.0-M3\maven-surefire-common-3.0.0-M3.jar;C:\Users\Administrator\.m2\repository\org\apache\maven\surefire\surefire-api\3.0.0-M3\surefire-api-3.0.0-M3.jar;C:\Users\Administrator\.m2\repository\org\apache\maven\surefire\surefire-logger-api\3.0.0-M3\surefire-logger-api-3.0.0-M3.jar;C:\Users\Administrator\.m2\repository\org\apache\maven\surefire\surefire-booter\3.0.0-M3\surefire-booter-3.0.0-M3.jar;C:\Users\Administrator\.m2\repository\org\apache\maven\maven-toolchain\3.0-alpha-2\maven-toolchain-3.0-alpha-2.jar;C:\Users\Administrator\.m2\repository\org\apache\maven\maven-core\3.0-alpha-2\maven-core-3.0-alpha-2.jar;C:\Users\Administrator\.m2\repository\org\apache\maven\maven-lifecycle\3.0-alpha-2\maven-lifecycle-3.0-alpha-2.jar;C:\Users\Administrator\.m2\repository\org\apache\maven\maven-reporting-api\3.0-alpha-2\maven-reporting-api-3.0-alpha-2.jar;C:\Users\Administrator\.m2\repository\org\apache\maven\doxia\doxia-sink-api\1.0-alpha-9\doxia-sink-api-1.0-alpha-9.jar;C:\Users\Administrator\.m2\repository\org\apache\maven\maven-model\3.0-alpha-2\maven-model-3.0-alpha-2.jar;C:\Users\Administrator\.m2\repository\org\apache\maven\maven-plugin-api\3.0-alpha-2\maven-plugin-api-3.0-alpha-2.jar;C:\Users\Administrator\.m2\repository\org\codehaus\plexus\plexus-container-default\1.0-beta-3.0.5\plexus-container-default-1.0-beta-3.0.5.jar;C:\Users\Administrator\.m2\repository\org\apache\xbean\xbean-reflect\3.4\xbean-reflect-3.4.jar;C:\Users\Administrator\.m2\repository\commons-logging\commons-logging-api\1.1\commons-logging-api-1.1.jar;C:\Users\Administrator\.m2\repository\com\google\code\google-collections\google-collect\snapshot-20080530\google-collect-snapshot-20080530.jar;C:\Users\Administrator\.m2\repository\org\apache\maven\maven-project\3.0-alpha-2\maven-project-3.0-alpha-2.jar;C:\Users\Administrator\.m2\repository\org\codehaus\woodstox\wstx-asl\3.2.6\wstx-asl-3.2.6.jar;C:\Users\Administrator\.m2\repository\org\apache\maven\maven-project-builder\3.0-alpha-2\maven-project-builder-3.0-alpha-2.jar;C:\Users\Administrator\.m2\repository\commons-cli\commons-cli\1.0\commons-cli-1.0.jar;C:\Users\Administrator\.m2\repository\org\codehaus\plexus\plexus-interactivity-api\1.0-alpha-6\plexus-interactivity-api-1.0-alpha-6.jar;C:\Users\Administrator\.m2\repository\org\codehaus\plexus\plexus-interpolation\1.1\plexus-interpolation-1.1.jar;C:\Users\Administrator\.m2\repository\org\codehaus\plexus\plexus-utils\1.5.6\plexus-utils-1.5.6.jar;C:\Users\Administrator\.m2\repository\org\codehaus\plexus\plexus-classworlds\1.3\plexus-classworlds-1.3.jar;C:\Users\Administrator\.m2\repository\org\codehaus\plexus\plexus-component-annotations\1.0-beta-3.0.5\plexus-component-annotations-1.0-beta-3.0.5.jar;C:\Users\Administrator\.m2\repository\org\sonatype\plexus\plexus-plugin-manager\1.0-alpha-1\plexus-plugin-manager-1.0-alpha-1.jar;C:\Users\Administrator\.m2\repository\org\apache\maven\mercury\mercury-plexus\1.0.0-alpha-2\mercury-plexus-1.0.0-alpha-2.jar;C:\Users\Administrator\.m2\repository\org\apache\maven\mercury\mercury-repo-remote-m2\1.0.0-alpha-2\mercury-repo-remote-m2-1.0.0-alpha-2.jar;C:\Users\Administrator\.m2\repository\org\apache\maven\mercury\mercury-repo-api\1.0.0-alpha-2\mercury-repo-api-1.0.0-alpha-2.jar;C:\Users\Administrator\.m2\repository\org\apache\maven\mercury\mercury-transport-api\1.0.0-alpha-2\mercury-transport-api-1.0.0-alpha-2.jar;C:\Users\Administrator\.m2\repository\org\apache\maven\mercury\mercury-crypto-api\1.0.0-alpha-2\mercury-crypto-api-1.0.0-alpha-2.jar;C:\Users\Administrator\.m2\repository\org\apache\maven\mercury\mercury-transport-http\1.0.0-alpha-2\mercury-transport-http-1.0.0-alpha-2.jar;C:\Users\Administrator\.m2\repository\org\mortbay\jetty\jetty-client\6.1.12\jetty-client-6.1.12.jar;C:\Users\Administrator\.m2\repository\org\mortbay\jetty\jetty-sslengine\6.1.12\jetty-sslengine-6.1.12.jar;C:\Users\Administrator\.m2\repository\org\mortbay\jetty\jetty\6.1.12\jetty-6.1.12.jar;C:\Users\Administrator\.m2\repository\org\mortbay\jetty\jetty-util\6.1.12\jetty-util-6.1.12.jar;C:\Users\Administrator\.m2\repository\org\mortbay\jetty\servlet-api-2.5\6.1.12\servlet-api-2.5-6.1.12.jar;C:\Users\Administrator\.m2\repository\org\apache\maven\mercury\mercury-crypto-basic\1.0.0-alpha-2\mercury-crypto-basic-1.0.0-alpha-2.jar;C:\Users\Administrator\.m2\repository\bouncycastle\bcprov-jdk15\140\bcprov-jdk15-140.jar;C:\Users\Administrator\.m2\repository\bouncycastle\bcpg-jdk15\140\bcpg-jdk15-140.jar;C:\Users\Administrator\.m2\repository\org\apache\maven\mercury\mercury-md-shared\1.0.0-alpha-2\mercury-md-shared-1.0.0-alpha-2.jar;C:\Users\Administrator\.m2\repository\org\apache\maven\mercury\mercury-util\1.0.0-alpha-2\mercury-util-1.0.0-alpha-2.jar;C:\Users\Administrator\.m2\repository\org\apache\maven\mercury\mercury-repo-local-m2\1.0.0-alpha-2\mercury-repo-local-m2-1.0.0-alpha-2.jar;C:\Users\Administrator\.m2\repository\org\apache\maven\mercury\mercury-repo-virtual\1.0.0-alpha-2\mercury-repo-virtual-1.0.0-alpha-2.jar;C:\Users\Administrator\.m2\repository\org\apache\maven\mercury\mercury-repo-cache-fs\1.0.0-alpha-2\mercury-repo-cache-fs-1.0.0-alpha-2.jar;C:\Users\Administrator\.m2\repository\org\apache\maven\mercury\mercury-md-sat\1.0.0-alpha-2\mercury-md-sat-1.0.0-alpha-2.jar;C:\Users\Administrator\.m2\repository\org\sat4j\org.sat4j.core\2.0.4\org.sat4j.core-2.0.4.jar;C:\Users\Administrator\.m2\repository\org\sat4j\org.sat4j.pb\2.0.4\org.sat4j.pb-2.0.4.jar;C:\Users\Administrator\.m2\repository\org\apache\maven\mercury\mercury-event\1.0.0-alpha-2\mercury-event-1.0.0-alpha-2.jar;C:\Users\Administrator\.m2\repository\org\apache\maven\mercury\mercury-logging\1.0.0-alpha-2\mercury-logging-1.0.0-alpha-2.jar;C:\Users\Administrator\.m2\repository\org\codehaus\plexus\plexus-lang\1.1\plexus-lang-1.1.jar;C:\Users\Administrator\.m2\repository\org\slf4j\slf4j-jdk14\1.5.3\slf4j-jdk14-1.5.3.jar;C:\Users\Administrator\.m2\repository\org\slf4j\slf4j-api\1.5.3\slf4j-api-1.5.3.jar;C:\Users\Administrator\.m2\repository\org\apache\maven\maven-mercury\3.0-alpha-2\maven-mercury-3.0-alpha-2.jar;C:\Users\Administrator\.m2\repository\org\apache\maven\mercury\mercury-artifact\1.0.0-alpha-2\mercury-artifact-1.0.0-alpha-2.jar;C:\Users\Administrator\.m2\repository\org\apache\maven\mercury\mercury-external\1.0.0-alpha-2\mercury-external-1.0.0-alpha-2.jar;C:\Users\Administrator\.m2\repository\org\sonatype\spice\model-builder\1.3\model-builder-1.3.jar;C:\Users\Administrator\.m2\repository\stax\stax-api\1.0.1\stax-api-1.0.1.jar;C:\Users\Administrator\.m2\repository\org\apache\maven\maven-compat\3.0-alpha-2\maven-compat-3.0-alpha-2.jar;C:\Users\Administrator\.m2\repository\org\apache\maven\wagon\wagon-provider-api\1.0-beta-4\wagon-provider-api-1.0-beta-4.jar;C:\Users\Administrator\.m2\repository\org\codehaus\plexus\plexus-java\1.0.1\plexus-java-1.0.1.jar;C:\Users\Administrator\.m2\repository\org\ow2\asm\asm\7.0-beta\asm-7.0-beta.jar;C:\Users\Administrator\.m2\repository\com\thoughtworks\qdox\qdox\2.0-M9\qdox-2.0-M9.jar;C:\Users\Administrator\.m2\repository\org\projectlombok\lombok\1.18.12\lombok-1.18.12.jar;C:\Users\Administrator\.m2\repository\org\powermock\powermock-api-mockito\1.7.4\powermock-api-mockito-1.7.4.jar;C:\Users\Administrator\.m2\repository\org\powermock\powermock-api-mockito-common\1.7.4\powermock-api-mockito-common-1.7.4.jar;C:\Users\Administrator\.m2\repository\org\powermock\powermock-api-support\1.7.4\powermock-api-support-1.7.4.jar;C:\Users\Administrator\.m2\repository\org\mockito\mockito-core\1.10.19\mockito-core-1.10.19.jar;C:\Users\Administrator\.m2\repository\net\sf\saxon\Saxon-HE\9.9.1-1\Saxon-HE-9.9.1-1.jar;C:\Users\Administrator\.m2\repository\net\sf\json-lib\json-lib\2.4\json-lib-2.4-jdk15.jar;C:\Users\Administrator\.m2\repository\commons-beanutils\commons-beanutils\1.8.0\commons-beanutils-1.8.0.jar;C:\Users\Administrator\.m2\repository\commons-collections\commons-collections\3.2.1\commons-collections-3.2.1.jar;C:\Users\Administrator\.m2\repository\commons-lang\commons-lang\2.5\commons-lang-2.5.jar;C:\Users\Administrator\.m2\repository\commons-logging\commons-logging\1.1.1\commons-logging-1.1.1.jar;C:\Users\Administrator\.m2\repository\net\sf\ezmorph\ezmorph\1.0.6\ezmorph-1.0.6.jar;C:\Users\Administrator\.m2\repository\mysql\mysql-connector-java\8.0.15\mysql-connector-java-8.0.15.jar;C:\Users\Administrator\.m2\repository\com\google\protobuf\protobuf-java\3.6.1\protobuf-java-3.6.1.jar;C:\Users\Administrator\.m2\repository\org\apache\httpcomponents\httpclient\4.5.8\httpclient-4.5.8.jar;C:\Users\Administrator\.m2\repository\org\apache\httpcomponents\httpcore\4.4.11\httpcore-4.4.11.jar;C:\Users\Administrator\.m2\repository\commons-codec\commons-codec\1.11\commons-codec-1.11.jar;C:\Users\Administrator\.m2\repository\log4j\log4j\1.2.14\log4j-1.2.14.jar;C:\Users\Administrator\.m2\repository\org\easymock\easymock\3.1\easymock-3.1.jar;C:\Users\Administrator\.m2\repository\cglib\cglib-nodep\2.2.2\cglib-nodep-2.2.2.jar;C:\Users\Administrator\.m2\repository\org\objenesis\objenesis\1.2\objenesis-1.2.jar;"/>
    <property name="java.vm.vendor" value="Oracle Corporation"/>
    <property name="sun.arch.data.model" value="64"/>
    <property name="user.variant" value=""/>
    <property name="java.vendor.url" value="http://java.oracle.com/"/>
    <property name="user.timezone" value="Asia/Shanghai"/>
    <property name="java.vm.specification.version" value="1.8"/>
    <property name="os.name" value="Windows 10"/>
    <property name="user.country" value="CN"/>
    <property name="sun.java.launcher" value="SUN_STANDARD"/>
    <property name="sun.boot.library.path" value="C:\Program Files\Java\jdk1.8.0_91\jre\bin"/>
    <property name="sun.java.command" value="C:\Users\Administrator\AppData\Local\Temp\surefire8977441456012331789\surefirebooter7140104328087222255.jar C:\Users\Administrator\AppData\Local\Temp\surefire8977441456012331789 2020-09-09T15-00-15_056-jvmRun1 surefire1385118669776990888tmp surefire_07375797699029052597tmp"/>
    <property name="surefire.test.class.path" value="D:\JavaStudy\TestClass1\target\test-classes;D:\JavaStudy\TestClass1\target\classes;C:\Users\Administrator\.m2\repository\org\powermock\powermock-module-junit4\2.0.2\powermock-module-junit4-2.0.2.jar;C:\Users\Administrator\.m2\repository\org\powermock\powermock-module-junit4-common\2.0.2\powermock-module-junit4-common-2.0.2.jar;C:\Users\Administrator\.m2\repository\org\powermock\powermock-reflect\2.0.2\powermock-reflect-2.0.2.jar;C:\Users\Administrator\.m2\repository\net\bytebuddy\byte-buddy\1.9.3\byte-buddy-1.9.3.jar;C:\Users\Administrator\.m2\repository\net\bytebuddy\byte-buddy-agent\1.9.3\byte-buddy-agent-1.9.3.jar;C:\Users\Administrator\.m2\repository\org\powermock\powermock-core\2.0.2\powermock-core-2.0.2.jar;C:\Users\Administrator\.m2\repository\org\javassist\javassist\3.24.0-GA\javassist-3.24.0-GA.jar;C:\Users\Administrator\.m2\repository\org\hamcrest\hamcrest-core\1.3\hamcrest-core-1.3.jar;C:\Users\Administrator\.m2\repository\junit\junit\4.12\junit-4.12.jar;C:\Users\Administrator\.m2\repository\org\apache\maven\plugins\maven-surefire-plugin\3.0.0-M3\maven-surefire-plugin-3.0.0-M3.jar;C:\Users\Administrator\.m2\repository\org\apache\maven\surefire\maven-surefire-common\3.0.0-M3\maven-surefire-common-3.0.0-M3.jar;C:\Users\Administrator\.m2\repository\org\apache\maven\surefire\surefire-api\3.0.0-M3\surefire-api-3.0.0-M3.jar;C:\Users\Administrator\.m2\repository\org\apache\maven\surefire\surefire-logger-api\3.0.0-M3\surefire-logger-api-3.0.0-M3.jar;C:\Users\Administrator\.m2\repository\org\apache\maven\surefire\surefire-booter\3.0.0-M3\surefire-booter-3.0.0-M3.jar;C:\Users\Administrator\.m2\repository\org\apache\maven\maven-toolchain\3.0-alpha-2\maven-toolchain-3.0-alpha-2.jar;C:\Users\Administrator\.m2\repository\org\apache\maven\maven-core\3.0-alpha-2\maven-core-3.0-alpha-2.jar;C:\Users\Administrator\.m2\repository\org\apache\maven\maven-lifecycle\3.0-alpha-2\maven-lifecycle-3.0-alpha-2.jar;C:\Users\Administrator\.m2\repository\org\apache\maven\maven-reporting-api\3.0-alpha-2\maven-reporting-api-3.0-alpha-2.jar;C:\Users\Administrator\.m2\repository\org\apache\maven\doxia\doxia-sink-api\1.0-alpha-9\doxia-sink-api-1.0-alpha-9.jar;C:\Users\Administrator\.m2\repository\org\apache\maven\maven-model\3.0-alpha-2\maven-model-3.0-alpha-2.jar;C:\Users\Administrator\.m2\repository\org\apache\maven\maven-plugin-api\3.0-alpha-2\maven-plugin-api-3.0-alpha-2.jar;C:\Users\Administrator\.m2\repository\org\codehaus\plexus\plexus-container-default\1.0-beta-3.0.5\plexus-container-default-1.0-beta-3.0.5.jar;C:\Users\Administrator\.m2\repository\org\apache\xbean\xbean-reflect\3.4\xbean-reflect-3.4.jar;C:\Users\Administrator\.m2\repository\commons-logging\commons-logging-api\1.1\commons-logging-api-1.1.jar;C:\Users\Administrator\.m2\repository\com\google\code\google-collections\google-collect\snapshot-20080530\google-collect-snapshot-20080530.jar;C:\Users\Administrator\.m2\repository\org\apache\maven\maven-project\3.0-alpha-2\maven-project-3.0-alpha-2.jar;C:\Users\Administrator\.m2\repository\org\codehaus\woodstox\wstx-asl\3.2.6\wstx-asl-3.2.6.jar;C:\Users\Administrator\.m2\repository\org\apache\maven\maven-project-builder\3.0-alpha-2\maven-project-builder-3.0-alpha-2.jar;C:\Users\Administrator\.m2\repository\commons-cli\commons-cli\1.0\commons-cli-1.0.jar;C:\Users\Administrator\.m2\repository\org\codehaus\plexus\plexus-interactivity-api\1.0-alpha-6\plexus-interactivity-api-1.0-alpha-6.jar;C:\Users\Administrator\.m2\repository\org\codehaus\plexus\plexus-interpolation\1.1\plexus-interpolation-1.1.jar;C:\Users\Administrator\.m2\repository\org\codehaus\plexus\plexus-utils\1.5.6\plexus-utils-1.5.6.jar;C:\Users\Administrator\.m2\repository\org\codehaus\plexus\plexus-classworlds\1.3\plexus-classworlds-1.3.jar;C:\Users\Administrator\.m2\repository\org\codehaus\plexus\plexus-component-annotations\1.0-beta-3.0.5\plexus-component-annotations-1.0-beta-3.0.5.jar;C:\Users\Administrator\.m2\repository\org\sonatype\plexus\plexus-plugin-manager\1.0-alpha-1\plexus-plugin-manager-1.0-alpha-1.jar;C:\Users\Administrator\.m2\repository\org\apache\maven\mercury\mercury-plexus\1.0.0-alpha-2\mercury-plexus-1.0.0-alpha-2.jar;C:\Users\Administrator\.m2\repository\org\apache\maven\mercury\mercury-repo-remote-m2\1.0.0-alpha-2\mercury-repo-remote-m2-1.0.0-alpha-2.jar;C:\Users\Administrator\.m2\repository\org\apache\maven\mercury\mercury-repo-api\1.0.0-alpha-2\mercury-repo-api-1.0.0-alpha-2.jar;C:\Users\Administrator\.m2\repository\org\apache\maven\mercury\mercury-transport-api\1.0.0-alpha-2\mercury-transport-api-1.0.0-alpha-2.jar;C:\Users\Administrator\.m2\repository\org\apache\maven\mercury\mercury-crypto-api\1.0.0-alpha-2\mercury-crypto-api-1.0.0-alpha-2.jar;C:\Users\Administrator\.m2\repository\org\apache\maven\mercury\mercury-transport-http\1.0.0-alpha-2\mercury-transport-http-1.0.0-alpha-2.jar;C:\Users\Administrator\.m2\repository\org\mortbay\jetty\jetty-client\6.1.12\jetty-client-6.1.12.jar;C:\Users\Administrator\.m2\repository\org\mortbay\jetty\jetty-sslengine\6.1.12\jetty-sslengine-6.1.12.jar;C:\Users\Administrator\.m2\repository\org\mortbay\jetty\jetty\6.1.12\jetty-6.1.12.jar;C:\Users\Administrator\.m2\repository\org\mortbay\jetty\jetty-util\6.1.12\jetty-util-6.1.12.jar;C:\Users\Administrator\.m2\repository\org\mortbay\jetty\servlet-api-2.5\6.1.12\servlet-api-2.5-6.1.12.jar;C:\Users\Administrator\.m2\repository\org\apache\maven\mercury\mercury-crypto-basic\1.0.0-alpha-2\mercury-crypto-basic-1.0.0-alpha-2.jar;C:\Users\Administrator\.m2\repository\bouncycastle\bcprov-jdk15\140\bcprov-jdk15-140.jar;C:\Users\Administrator\.m2\repository\bouncycastle\bcpg-jdk15\140\bcpg-jdk15-140.jar;C:\Users\Administrator\.m2\repository\org\apache\maven\mercury\mercury-md-shared\1.0.0-alpha-2\mercury-md-shared-1.0.0-alpha-2.jar;C:\Users\Administrator\.m2\repository\org\apache\maven\mercury\mercury-util\1.0.0-alpha-2\mercury-util-1.0.0-alpha-2.jar;C:\Users\Administrator\.m2\repository\org\apache\maven\mercury\mercury-repo-local-m2\1.0.0-alpha-2\mercury-repo-local-m2-1.0.0-alpha-2.jar;C:\Users\Administrator\.m2\repository\org\apache\maven\mercury\mercury-repo-virtual\1.0.0-alpha-2\mercury-repo-virtual-1.0.0-alpha-2.jar;C:\Users\Administrator\.m2\repository\org\apache\maven\mercury\mercury-repo-cache-fs\1.0.0-alpha-2\mercury-repo-cache-fs-1.0.0-alpha-2.jar;C:\Users\Administrator\.m2\repository\org\apache\maven\mercury\mercury-md-sat\1.0.0-alpha-2\mercury-md-sat-1.0.0-alpha-2.jar;C:\Users\Administrator\.m2\repository\org\sat4j\org.sat4j.core\2.0.4\org.sat4j.core-2.0.4.jar;C:\Users\Administrator\.m2\repository\org\sat4j\org.sat4j.pb\2.0.4\org.sat4j.pb-2.0.4.jar;C:\Users\Administrator\.m2\repository\org\apache\maven\mercury\mercury-event\1.0.0-alpha-2\mercury-event-1.0.0-alpha-2.jar;C:\Users\Administrator\.m2\repository\org\apache\maven\mercury\mercury-logging\1.0.0-alpha-2\mercury-logging-1.0.0-alpha-2.jar;C:\Users\Administrator\.m2\repository\org\codehaus\plexus\plexus-lang\1.1\plexus-lang-1.1.jar;C:\Users\Administrator\.m2\repository\org\slf4j\slf4j-jdk14\1.5.3\slf4j-jdk14-1.5.3.jar;C:\Users\Administrator\.m2\repository\org\slf4j\slf4j-api\1.5.3\slf4j-api-1.5.3.jar;C:\Users\Administrator\.m2\repository\org\apache\maven\maven-mercury\3.0-alpha-2\maven-mercury-3.0-alpha-2.jar;C:\Users\Administrator\.m2\repository\org\apache\maven\mercury\mercury-artifact\1.0.0-alpha-2\mercury-artifact-1.0.0-alpha-2.jar;C:\Users\Administrator\.m2\repository\org\apache\maven\mercury\mercury-external\1.0.0-alpha-2\mercury-external-1.0.0-alpha-2.jar;C:\Users\Administrator\.m2\repository\org\sonatype\spice\model-builder\1.3\model-builder-1.3.jar;C:\Users\Administrator\.m2\repository\stax\stax-api\1.0.1\stax-api-1.0.1.jar;C:\Users\Administrator\.m2\repository\org\apache\maven\maven-compat\3.0-alpha-2\maven-compat-3.0-alpha-2.jar;C:\Users\Administrator\.m2\repository\org\apache\maven\wagon\wagon-provider-api\1.0-beta-4\wagon-provider-api-1.0-beta-4.jar;C:\Users\Administrator\.m2\repository\org\codehaus\plexus\plexus-java\1.0.1\plexus-java-1.0.1.jar;C:\Users\Administrator\.m2\repository\org\ow2\asm\asm\7.0-beta\asm-7.0-beta.jar;C:\Users\Administrator\.m2\repository\com\thoughtworks\qdox\qdox\2.0-M9\qdox-2.0-M9.jar;C:\Users\Administrator\.m2\repository\org\projectlombok\lombok\1.18.12\lombok-1.18.12.jar;C:\Users\Administrator\.m2\repository\org\powermock\powermock-api-mockito\1.7.4\powermock-api-mockito-1.7.4.jar;C:\Users\Administrator\.m2\repository\org\powermock\powermock-api-mockito-common\1.7.4\powermock-api-mockito-common-1.7.4.jar;C:\Users\Administrator\.m2\repository\org\powermock\powermock-api-support\1.7.4\powermock-api-support-1.7.4.jar;C:\Users\Administrator\.m2\repository\org\mockito\mockito-core\1.10.19\mockito-core-1.10.19.jar;C:\Users\Administrator\.m2\repository\net\sf\saxon\Saxon-HE\9.9.1-1\Saxon-HE-9.9.1-1.jar;C:\Users\Administrator\.m2\repository\net\sf\json-lib\json-lib\2.4\json-lib-2.4-jdk15.jar;C:\Users\Administrator\.m2\repository\commons-beanutils\commons-beanutils\1.8.0\commons-beanutils-1.8.0.jar;C:\Users\Administrator\.m2\repository\commons-collections\commons-collections\3.2.1\commons-collections-3.2.1.jar;C:\Users\Administrator\.m2\repository\commons-lang\commons-lang\2.5\commons-lang-2.5.jar;C:\Users\Administrator\.m2\repository\commons-logging\commons-logging\1.1.1\commons-logging-1.1.1.jar;C:\Users\Administrator\.m2\repository\net\sf\ezmorph\ezmorph\1.0.6\ezmorph-1.0.6.jar;C:\Users\Administrator\.m2\repository\mysql\mysql-connector-java\8.0.15\mysql-connector-java-8.0.15.jar;C:\Users\Administrator\.m2\repository\com\google\protobuf\protobuf-java\3.6.1\protobuf-java-3.6.1.jar;C:\Users\Administrator\.m2\repository\org\apache\httpcomponents\httpclient\4.5.8\httpclient-4.5.8.jar;C:\Users\Administrator\.m2\repository\org\apache\httpcomponents\httpcore\4.4.11\httpcore-4.4.11.jar;C:\Users\Administrator\.m2\repository\commons-codec\commons-codec\1.11\commons-codec-1.11.jar;C:\Users\Administrator\.m2\repository\log4j\log4j\1.2.14\log4j-1.2.14.jar;C:\Users\Administrator\.m2\repository\org\easymock\easymock\3.1\easymock-3.1.jar;C:\Users\Administrator\.m2\repository\cglib\cglib-nodep\2.2.2\cglib-nodep-2.2.2.jar;C:\Users\Administrator\.m2\repository\org\objenesis\objenesis\1.2\objenesis-1.2.jar;"/>
    <property name="sun.cpu.endian" value="little"/>
    <property name="user.home" value="C:\Users\Administrator"/>
    <property name="user.language" value="zh"/>
    <property name="java.specification.vendor" value="Oracle Corporation"/>
    <property name="java.home" value="C:\Program Files\Java\jdk1.8.0_91\jre"/>
    <property name="basedir" value="D:\JavaStudy\TestClass1"/>
    <property name="file.separator" value="\"/>
    <property name="line.separator" value="&#10;"/>
    <property name="idea.version2019.2.4" value="true"/>
    <property name="java.vm.specification.vendor" value="Oracle Corporation"/>
    <property name="java.specification.name" value="Java Platform API Specification"/>
    <property name="java.awt.graphicsenv" value="sun.awt.Win32GraphicsEnvironment"/>
    <property name="surefire.real.class.path" value="C:\Users\Administrator\AppData\Local\Temp\surefire8977441456012331789\surefirebooter7140104328087222255.jar"/>
    <property name="sun.boot.class.path" value="C:\Program Files\Java\jdk1.8.0_91\jre\lib\resources.jar;C:\Program Files\Java\jdk1.8.0_91\jre\lib\rt.jar;C:\Program Files\Java\jdk1.8.0_91\jre\lib\sunrsasign.jar;C:\Program Files\Java\jdk1.8.0_91\jre\lib\jsse.jar;C:\Program Files\Java\jdk1.8.0_91\jre\lib\jce.jar;C:\Program Files\Java\jdk1.8.0_91\jre\lib\charsets.jar;C:\Program Files\Java\jdk1.8.0_91\jre\lib\jfr.jar;C:\Program Files\Java\jdk1.8.0_91\jre\classes"/>
    <property name="user.script" value=""/>
    <property name="sun.management.compiler" value="HotSpot 64-Bit Tiered Compilers"/>
    <property name="java.runtime.version" value="1.8.0_91-b15"/>
    <property name="user.name" value="Administrator"/>
    <property name="path.separator" value=";"/>
    <property name="os.version" value="10.0"/>
    <property name="java.endorsed.dirs" value="C:\Program Files\Java\jdk1.8.0_91\jre\lib\endorsed"/>
    <property name="java.runtime.name" value="Java(TM) SE Runtime Environment"/>
    <property name="file.encoding" value="GBK"/>
    <property name="java.vm.name" value="Java HotSpot(TM) 64-Bit Server VM"/>
    <property name="localRepository" value="C:\Users\Administrator\.m2\repository"/>
    <property name="java.vendor.url.bug" value="http://bugreport.sun.com/bugreport/"/>
    <property name="java.io.tmpdir" value="C:\Users\ADMINI~1\AppData\Local\Temp\"/>
    <property name="java.version" value="1.8.0_91"/>
    <property name="user.dir" value="D:\JavaStudy\TestClass1"/>
    <property name="os.arch" value="amd64"/>
    <property name="java.vm.specification.name" value="Java Virtual Machine Specification"/>
    <property name="java.awt.printerjob" value="sun.awt.windows.WPrinterJob"/>
    <property name="sun.os.patch.level" value=""/>
    <property name="java.library.path" value="C:\Program Files\Java\jdk1.8.0_91\jre\bin;C:\WINDOWS\Sun\Java\bin;C:\WINDOWS\system32;C:\WINDOWS;C:\Program Files\Python38\Scripts\;C:\Program Files\Python38\;C:\Program Files\Java\jdk1.8.0_91\bin;C:\Program Files\Microsoft MPI\Bin\;C:\ProgramData\Oracle\Java\javapath;C:\WINDOWS\system32;C:\WINDOWS;C:\WINDOWS\System32\Wbem;C:\WINDOWS\System32\WindowsPowerShell\v1.0\;D:\SVN软件\bin;D;\Program Files (x86)\Microsoft SQL Server\140\Tools\Binn\;D:\Program Files\Microsoft SQL Server\140\Tools\Binn\;D:\Program Files (x86)\Microsoft SQL Server\140\DTS\Binn\;D:\Program Files\Microsoft SQL Server\140\DTS\Binn\;D:\Program Files\Microsoft SQL Server\Client SDK\ODBC\130\Tools\Binn\;D:\Program Files (x86)\Microsoft SQL Server\Client SDK\ODBC\130\Tools\Binn\;D:\Program Files (x86)\Microsoft SQL Server\140\Tools\Binn\ManagementStudio\;C:\Driver;C:\apache-maven-3.6.3\bin;C:\Program Files\Git\cmd;D:\apache-ant-1.10.8\bin;C:\Program Files\nodejs\;C:\Users\Administrator\AppData\Local\Microsoft\WindowsApps;C:\Program Files (x86)\Google\Chrome\Application;C:\Users\Administrator\AppData\Roaming\npm;C:\Program Files\JetBrains\PyCharm 2020.2\bin;;."/>
    <property name="java.vm.info" value="mixed mode"/>
    <property name="java.vendor" value="Oracle Corporation"/>
    <property name="java.vm.version" value="25.91-b15"/>
    <property name="java.ext.dirs" value="C:\Program Files\Java\jdk1.8.0_91\jre\lib\ext;C:\WINDOWS\Sun\Java\lib\ext"/>
    <property name="sun.io.unicode.encoding" value="UnicodeLittle"/>
    <property name="java.class.version" value="52.0"/>
  </properties>
  <testcase name="testAdd" classname="calculatorTest" time="0">
    <skipped/>
  </testcase>
  <testcase name="testSub" classname="calculatorTest" time="0.005"/>
  <testcase name="testprint" classname="calculatorTest" time="0.002"/>
  <testcase name="getRandomIndexData" classname="calculatorTest" time="0">
    <skipped/>
  </testcase>
</testsuite>